\BOOKMARK [1][-]{section.1}{\376\377\000T\036\325\000n\000g\000\040\000q\000u\000a\000n}{}% 1
\BOOKMARK [2][-]{subsection.1.1}{\376\377\000P\000h\036\241\000m\000\040\000v\000i\000\040\001\021\000\341\000n\000h\000\040\000g\000i\000\341}{section.1}% 2
\BOOKMARK [2][-]{subsection.1.2}{\376\377\000P\000h\001\260\001\241\000n\000g\000\040\000p\000h\000\341\000p\000\040\001\021\000\341\000n\000h\000\040\000g\000i\000\341}{section.1}% 3
\BOOKMARK [2][-]{subsection.1.3}{\376\377\000M\000\364\000\040\000h\000\354\000n\000h\000\040\000t\000\341\000c\000\040\000n\000h\000\342\000n}{section.1}% 4
\BOOKMARK [1][-]{section.2}{\376\377\000K\036\277\000t\000\040\000q\000u\036\243\000\040\000t\036\325\000n\000g\000\040\000h\036\343\000p}{}% 5
\BOOKMARK [2][-]{subsection.2.1}{\376\377\000T\036\325\000n\000g\000\040\000q\000u\000a\000n\000\040\000t\000r\036\241\000n\000g\000\040\000t\000h\000\341\000i}{section.2}% 6
\BOOKMARK [2][-]{subsection.2.2}{\376\377\001\020\000i\036\303\000m\000\040\000m\036\241\000n\000h\000\040\000n\036\325\000i\000\040\000b\036\255\000t}{section.2}% 7
\BOOKMARK [2][-]{subsection.2.3}{\376\377\000C\000\341\000c\000\040\001\021\000i\036\303\000m\000\040\000c\036\247\000n\000\040\000l\001\260\000u\000\040\000\375}{section.2}% 8
\BOOKMARK [1][-]{section.3}{\376\377\000C\000\341\000c\000\040\001\021\000i\036\303\000m\000\040\001\021\000\343\000\040\000h\000o\000\340\000n\000\040\000t\000h\000\340\000n\000h}{}% 9
\BOOKMARK [1][-]{section.4}{\376\377\000B\036\243\000n\000g\000\040\000c\000h\000i\000\040\000t\000i\036\277\000t\000\040\0002\0008\000\040\000t\000i\000\352\000u\000\040\000c\000h\000\355\000\040\000W\000C\000A\000G\000\040\0002\000.\0002}{}% 10
\BOOKMARK [1][-]{section.5}{\376\377\000C\000\341\000c\000\040\001\021\000i\036\303\000m\000\040\000c\000h\001\260\000a\000\040\000h\000o\000\340\000n\000\040\000t\000h\000\340\000n\000h}{}% 11
\BOOKMARK [1][-]{section.6}{\376\377\000K\036\277\000\040\000h\000o\036\241\000c\000h\000\040\000h\000\340\000n\000h\000\040\001\021\036\331\000n\000g}{}% 12
\BOOKMARK [1][-]{section.7}{\376\377\000K\036\277\000t\000\040\000l\000u\036\255\000n}{}% 13
\BOOKMARK [1][-]{appendix.A}{\376\377\000P\000h\036\345\000\040\000l\036\345\000c\000:\000\040\000S\001\241\000\040\001\021\036\323\000\040\000u\000s\000e\000\040\000c\000a\000s\000e}{}% 14
\BOOKMARK [1][-]{appendix.B}{\376\377\000P\000h\036\345\000\040\000l\036\345\000c\000:\000\040\000D\000a\000n\000h\000\040\000s\000\341\000c\000h\000\040\000m\000\340\000n\000\040\000h\000\354\000n\000h\000\040\001\021\000\343\000\040\000k\000i\036\303\000m\000\040\000t\000h\036\355}{}% 15
\BOOKMARK [1][-]{appendix.C}{\376\377\000P\000h\036\345\000\040\000l\036\345\000c\000:\000\040\036\242\000n\000h\000\040\000c\000h\036\345\000p\000\040\000m\000\340\000n\000\040\000h\000\354\000n\000h\000\040\000m\000i\000n\000h\000\040\000c\000h\036\351\000n\000g}{}% 16
\BOOKMARK [2][-]{subsection.C.1}{\376\377\000T\000r\000a\000n\000g\000\040\000c\000\364\000n\000g\000\040\000k\000h\000a\000i}{appendix.C}% 17
\BOOKMARK [3][-]{subsubsection.C.1.1}{\376\377\000T\000r\000a\000n\000g\000\040\000c\000h\036\347}{subsection.C.1}% 18
\BOOKMARK [3][-]{subsubsection.C.1.2}{\376\377\000D\000a\000n\000h\000\040\000s\000\341\000c\000h\000\040\000v\000i\036\307\000c\000\040\000l\000\340\000m}{subsection.C.1}% 19
\BOOKMARK [3][-]{subsubsection.C.1.3}{\376\377\000C\000h\000i\000\040\000t\000i\036\277\000t\000\040\000v\000i\036\307\000c\000\040\000l\000\340\000m}{subsection.C.1}% 20
\BOOKMARK [2][-]{subsection.C.2}{\376\377\001\020\001\003\000n\000g\000\040\000n\000h\036\255\000p\000,\000\040\001\021\001\003\000n\000g\000\040\000k\000\375\000\040\000v\000\340\000\040\000k\000h\000\364\000i\000\040\000p\000h\036\345\000c\000\040\000m\036\255\000t\000\040\000k\000h\036\251\000u}{appendix.C}% 21
\BOOKMARK [3][-]{subsubsection.C.2.1}{\376\377\001\020\001\003\000n\000g\000\040\000n\000h\036\255\000p\000\040\000n\000g\001\260\036\335\000i\000\040\000t\000\354\000m\000\040\000v\000i\036\307\000c}{subsection.C.2}% 22
\BOOKMARK [3][-]{subsubsection.C.2.2}{\376\377\001\020\001\003\000n\000g\000\040\000n\000h\036\255\000p\000\040\000n\000h\000\340\000\040\000t\000u\000y\036\303\000n\000\040\000d\036\345\000n\000g}{subsection.C.2}% 23
\BOOKMARK [3][-]{subsubsection.C.2.3}{\376\377\001\020\001\003\000n\000g\000\040\000k\000\375\000\040\000n\000g\001\260\036\335\000i\000\040\000t\000\354\000m\000\040\000v\000i\036\307\000c}{subsection.C.2}% 24
\BOOKMARK [3][-]{subsubsection.C.2.4}{\376\377\001\020\001\003\000n\000g\000\040\000k\000\375\000\040\000n\000h\000\340\000\040\000t\000u\000y\036\303\000n\000\040\000d\036\345\000n\000g}{subsection.C.2}% 25
\BOOKMARK [3][-]{subsubsection.C.2.5}{\376\377\000Q\000u\000\352\000n\000\040\000m\036\255\000t\000\040\000k\000h\036\251\000u}{subsection.C.2}% 26
\BOOKMARK [3][-]{subsubsection.C.2.6}{\376\377\001\020\036\267\000t\000\040\000l\036\241\000i\000\040\000m\036\255\000t\000\040\000k\000h\036\251\000u}{subsection.C.2}% 27
\BOOKMARK [2][-]{subsection.C.3}{\376\377\000K\000h\000u\000\040\000v\036\361\000c\000\040\036\351\000n\000g\000\040\000v\000i\000\352\000n}{appendix.C}% 28
\BOOKMARK [3][-]{subsubsection.C.3.1}{\376\377\000H\036\323\000\040\000s\001\241\000\040\036\351\000n\000g\000\040\000v\000i\000\352\000n}{subsection.C.3}% 29
\BOOKMARK [3][-]{subsubsection.C.3.2}{\376\377\000V\000i\036\307\000c\000\040\000l\000\340\000m\000\040\001\021\000\343\000\040\036\351\000n\000g\000\040\000t\000u\000y\036\303\000n}{subsection.C.3}% 30
\BOOKMARK [2][-]{subsection.C.4}{\376\377\000K\000h\000u\000\040\000v\036\361\000c\000\040\000n\000h\000\340\000\040\000t\000u\000y\036\303\000n\000\040\000d\036\345\000n\000g}{appendix.C}% 31
\BOOKMARK [3][-]{subsubsection.C.4.1}{\376\377\000D\000a\000s\000h\000b\000o\000a\000r\000d\000\040\000n\000h\000\340\000\040\000t\000u\000y\036\303\000n\000\040\000d\036\345\000n\000g}{subsection.C.4}% 32
\BOOKMARK [3][-]{subsubsection.C.4.2}{\376\377\000T\036\241\000o\000\040\000t\000i\000n\000\040\000t\000u\000y\036\303\000n\000\040\000d\036\345\000n\000g}{subsection.C.4}% 33
\BOOKMARK [3][-]{subsubsection.C.4.3}{\376\377\000H\036\331\000p\000\040\000t\000h\001\260\000\040\000C\000V\000\040\036\351\000n\000g\000\040\000v\000i\000\352\000n}{subsection.C.4}% 34
\BOOKMARK [1][-]{appendix.D}{\376\377\000P\000h\036\345\000\040\000l\036\345\000c\000:\000\040\000T\000\340\000i\000\040\000l\000i\036\307\000u\000\040\000t\000h\000a\000m\000\040\000k\000h\036\243\000o}{}% 35
